[logs/Android_motorola one INFO ] 2021-12-31 13:19:16.837 BaseTest:241 - log path: logs/Android_motorola one
[logs/Android_motorola one INFO ] 2021-12-31 13:19:37.285 BaseTest:122 - Super Beefore method
[logs/Android_motorola one INFO ] 2021-12-31 13:19:40.327 LoginPage:32 - Login with : standard_user
[logs/Android_motorola one INFO ] 2021-12-31 13:19:41.749 LoginPage:39 - Password is : invalidpassword
[logs/Android_motorola one INFO ] 2021-12-31 13:19:43.257 LoginPage:46 - Press Login Button. 
[logs/Android_motorola one INFO ] 2021-12-31 13:19:46.164 LoginPage:58 - Error text is : Username and password do not match any user in this service.
[logs/Android_motorola one INFO ] 2021-12-31 13:19:46.498 BaseTest:128 - Super After method
[logs/Android_motorola one INFO ] 2021-12-31 13:19:47.675 BaseTest:122 - Super Beefore method
[logs/Android_motorola one INFO ] 2021-12-31 13:19:49.240 LoginPage:32 - Login with : invalidusername
[logs/Android_motorola one INFO ] 2021-12-31 13:19:51.077 LoginPage:39 - Password is : secret_sauce
[logs/Android_motorola one INFO ] 2021-12-31 13:19:52.491 LoginPage:46 - Press Login Button. 
[logs/Android_motorola one INFO ] 2021-12-31 13:19:55.206 LoginPage:58 - Error text is : Username and password do not match any user in this service.
[logs/Android_motorola one INFO ] 2021-12-31 13:19:55.515 BaseTest:128 - Super After method
[logs/Android_motorola one INFO ] 2021-12-31 13:19:56.658 BaseTest:122 - Super Beefore method
[logs/Android_motorola one INFO ] 2021-12-31 13:19:57.553 LoginPage:32 - Login with : standard_user
[logs/Android_motorola one INFO ] 2021-12-31 13:19:58.927 LoginPage:39 - Password is : secret_sauce
[logs/Android_motorola one INFO ] 2021-12-31 13:20:01.071 LoginPage:46 - Press Login Button. 
[logs/Android_motorola one INFO ] 2021-12-31 13:20:03.665 ProductsPage:28 - Products Title is : PRODUCTS
[logs/Android_motorola one INFO ] 2021-12-31 13:20:04.058 BaseTest:128 - Super After method
[logs/Android_motorola one INFO ] 2021-12-31 13:44:04.895 BaseTest:239 - log path: logs/Android_motorola one
[logs/Android_motorola one INFO ] 2021-12-31 13:44:18.006 BaseTest:120 - Super Beefore method
[logs/Android_motorola one INFO ] 2021-12-31 13:44:20.406 LoginPage:32 - Login with : standard_user
[logs/Android_motorola one INFO ] 2021-12-31 13:44:22.337 LoginPage:39 - Password is : invalidpassword
[logs/Android_motorola one INFO ] 2021-12-31 13:44:23.798 LoginPage:46 - Press Login Button. 
[logs/Android_motorola one INFO ] 2021-12-31 13:44:26.712 LoginPage:58 - Error text is : Username and password do not match any user in this service.
[logs/Android_motorola one INFO ] 2021-12-31 13:44:27.143 BaseTest:126 - Super After method
[logs/Android_motorola one INFO ] 2021-12-31 13:44:28.270 BaseTest:120 - Super Beefore method
[logs/Android_motorola one INFO ] 2021-12-31 13:44:29.184 LoginPage:32 - Login with : invalidusername
[logs/Android_motorola one INFO ] 2021-12-31 13:44:30.693 LoginPage:39 - Password is : secret_sauce
[logs/Android_motorola one INFO ] 2021-12-31 13:44:32.726 LoginPage:46 - Press Login Button. 
[logs/Android_motorola one INFO ] 2021-12-31 13:44:35.132 LoginPage:58 - Error text is : Username and password do not match any user in this service.
[logs/Android_motorola one INFO ] 2021-12-31 13:44:35.470 BaseTest:126 - Super After method
[logs/Android_motorola one INFO ] 2021-12-31 13:44:36.934 BaseTest:120 - Super Beefore method
[logs/Android_motorola one INFO ] 2021-12-31 13:44:37.778 LoginPage:32 - Login with : standard_user
[logs/Android_motorola one INFO ] 2021-12-31 13:44:39.757 LoginPage:39 - Password is : secret_sauce
[logs/Android_motorola one INFO ] 2021-12-31 13:44:41.710 LoginPage:46 - Press Login Button. 
[logs/Android_motorola one INFO ] 2021-12-31 13:44:44.306 ProductsPage:28 - Products Title is : PRODUCTS
[logs/Android_motorola one INFO ] 2021-12-31 13:44:44.710 BaseTest:126 - Super After method
[logs/Android_motorola one INFO ] 2021-12-31 14:41:46.794 BaseTest:241 - log path: logs/Android_motorola one
[logs/Android_motorola one INFO ] 2021-12-31 14:42:05.539 BaseTest:122 - Super Beefore method
[logs/Android_motorola one INFO ] 2021-12-31 14:42:07.983 TestListener:34 - java.lang.NullPointerException: Cannot invoke "com.qa.utils.TestUtils.log()" because "this.utils" is null
	at com.qa.BaseTest.clear(BaseTest.java:323)
	at com.qa.pages.LoginPage.enterUserName(LoginPage.java:31)
	at com.qa.tests.LoginTests.invalidPassword(LoginTests.java:92)
	at java.base/jdk.internal.reflect.NativeMethodAccessorImpl.invoke0(Native Method)
	at java.base/jdk.internal.reflect.NativeMethodAccessorImpl.invoke(NativeMethodAccessorImpl.java:64)
	at java.base/jdk.internal.reflect.DelegatingMethodAccessorImpl.invoke(DelegatingMethodAccessorImpl.java:43)
	at java.base/java.lang.reflect.Method.invoke(Method.java:564)
	at org.testng.internal.MethodInvocationHelper.invokeMethod(MethodInvocationHelper.java:133)
	at org.testng.internal.TestInvoker.invokeMethod(TestInvoker.java:598)
	at org.testng.internal.TestInvoker.invokeTestMethod(TestInvoker.java:173)
	at org.testng.internal.MethodRunner.runInSequence(MethodRunner.java:46)
	at org.testng.internal.TestInvoker$MethodInvocationAgent.invoke(TestInvoker.java:824)
	at org.testng.internal.TestInvoker.invokeTestMethods(TestInvoker.java:146)
	at org.testng.internal.TestMethodWorker.invokeTestMethods(TestMethodWorker.java:146)
	at org.testng.internal.TestMethodWorker.run(TestMethodWorker.java:128)
	at java.base/java.util.ArrayList.forEach(ArrayList.java:1511)
	at org.testng.TestRunner.privateRun(TestRunner.java:794)
	at org.testng.TestRunner.run(TestRunner.java:596)
	at org.testng.SuiteRunner.runTest(SuiteRunner.java:377)
	at org.testng.SuiteRunner.access$000(SuiteRunner.java:28)
	at org.testng.SuiteRunner$SuiteWorker.run(SuiteRunner.java:418)
	at org.testng.internal.thread.ThreadUtil.lambda$execute$0(ThreadUtil.java:64)
	at java.base/java.util.concurrent.FutureTask.run(FutureTask.java:264)
	at java.base/java.util.concurrent.ThreadPoolExecutor.runWorker(ThreadPoolExecutor.java:1130)
	at java.base/java.util.concurrent.ThreadPoolExecutor$Worker.run(ThreadPoolExecutor.java:630)
	at java.base/java.lang.Thread.run(Thread.java:832)

[logs/Android_motorola one INFO ] 2021-12-31 14:42:08.906 BaseTest:128 - Super After method
[logs/Android_motorola one INFO ] 2021-12-31 14:42:10.164 BaseTest:122 - Super Beefore method
[logs/Android_motorola one INFO ] 2021-12-31 14:42:11.011 TestListener:34 - java.lang.NullPointerException: Cannot invoke "com.qa.utils.TestUtils.log()" because "this.utils" is null
	at com.qa.BaseTest.clear(BaseTest.java:323)
	at com.qa.pages.LoginPage.enterUserName(LoginPage.java:31)
	at com.qa.tests.LoginTests.invalidUserName(LoginTests.java:78)
	at java.base/jdk.internal.reflect.NativeMethodAccessorImpl.invoke0(Native Method)
	at java.base/jdk.internal.reflect.NativeMethodAccessorImpl.invoke(NativeMethodAccessorImpl.java:64)
	at java.base/jdk.internal.reflect.DelegatingMethodAccessorImpl.invoke(DelegatingMethodAccessorImpl.java:43)
	at java.base/java.lang.reflect.Method.invoke(Method.java:564)
	at org.testng.internal.MethodInvocationHelper.invokeMethod(MethodInvocationHelper.java:133)
	at org.testng.internal.TestInvoker.invokeMethod(TestInvoker.java:598)
	at org.testng.internal.TestInvoker.invokeTestMethod(TestInvoker.java:173)
	at org.testng.internal.MethodRunner.runInSequence(MethodRunner.java:46)
	at org.testng.internal.TestInvoker$MethodInvocationAgent.invoke(TestInvoker.java:824)
	at org.testng.internal.TestInvoker.invokeTestMethods(TestInvoker.java:146)
	at org.testng.internal.TestMethodWorker.invokeTestMethods(TestMethodWorker.java:146)
	at org.testng.internal.TestMethodWorker.run(TestMethodWorker.java:128)
	at java.base/java.util.ArrayList.forEach(ArrayList.java:1511)
	at org.testng.TestRunner.privateRun(TestRunner.java:794)
	at org.testng.TestRunner.run(TestRunner.java:596)
	at org.testng.SuiteRunner.runTest(SuiteRunner.java:377)
	at org.testng.SuiteRunner.access$000(SuiteRunner.java:28)
	at org.testng.SuiteRunner$SuiteWorker.run(SuiteRunner.java:418)
	at org.testng.internal.thread.ThreadUtil.lambda$execute$0(ThreadUtil.java:64)
	at java.base/java.util.concurrent.FutureTask.run(FutureTask.java:264)
	at java.base/java.util.concurrent.ThreadPoolExecutor.runWorker(ThreadPoolExecutor.java:1130)
	at java.base/java.util.concurrent.ThreadPoolExecutor$Worker.run(ThreadPoolExecutor.java:630)
	at java.base/java.lang.Thread.run(Thread.java:832)

[logs/Android_motorola one INFO ] 2021-12-31 14:42:11.661 BaseTest:128 - Super After method
[logs/Android_motorola one INFO ] 2021-12-31 14:42:12.877 BaseTest:122 - Super Beefore method
[logs/Android_motorola one INFO ] 2021-12-31 14:42:13.948 TestListener:34 - java.lang.NullPointerException: Cannot invoke "com.qa.utils.TestUtils.log()" because "this.utils" is null
	at com.qa.BaseTest.clear(BaseTest.java:323)
	at com.qa.pages.LoginPage.enterUserName(LoginPage.java:31)
	at com.qa.tests.LoginTests.successfulLogin(LoginTests.java:106)
	at java.base/jdk.internal.reflect.NativeMethodAccessorImpl.invoke0(Native Method)
	at java.base/jdk.internal.reflect.NativeMethodAccessorImpl.invoke(NativeMethodAccessorImpl.java:64)
	at java.base/jdk.internal.reflect.DelegatingMethodAccessorImpl.invoke(DelegatingMethodAccessorImpl.java:43)
	at java.base/java.lang.reflect.Method.invoke(Method.java:564)
	at org.testng.internal.MethodInvocationHelper.invokeMethod(MethodInvocationHelper.java:133)
	at org.testng.internal.TestInvoker.invokeMethod(TestInvoker.java:598)
	at org.testng.internal.TestInvoker.invokeTestMethod(TestInvoker.java:173)
	at org.testng.internal.MethodRunner.runInSequence(MethodRunner.java:46)
	at org.testng.internal.TestInvoker$MethodInvocationAgent.invoke(TestInvoker.java:824)
	at org.testng.internal.TestInvoker.invokeTestMethods(TestInvoker.java:146)
	at org.testng.internal.TestMethodWorker.invokeTestMethods(TestMethodWorker.java:146)
	at org.testng.internal.TestMethodWorker.run(TestMethodWorker.java:128)
	at java.base/java.util.ArrayList.forEach(ArrayList.java:1511)
	at org.testng.TestRunner.privateRun(TestRunner.java:794)
	at org.testng.TestRunner.run(TestRunner.java:596)
	at org.testng.SuiteRunner.runTest(SuiteRunner.java:377)
	at org.testng.SuiteRunner.access$000(SuiteRunner.java:28)
	at org.testng.SuiteRunner$SuiteWorker.run(SuiteRunner.java:418)
	at org.testng.internal.thread.ThreadUtil.lambda$execute$0(ThreadUtil.java:64)
	at java.base/java.util.concurrent.FutureTask.run(FutureTask.java:264)
	at java.base/java.util.concurrent.ThreadPoolExecutor.runWorker(ThreadPoolExecutor.java:1130)
	at java.base/java.util.concurrent.ThreadPoolExecutor$Worker.run(ThreadPoolExecutor.java:630)
	at java.base/java.lang.Thread.run(Thread.java:832)

[logs/Android_motorola one INFO ] 2021-12-31 14:42:14.641 BaseTest:128 - Super After method
[logs/Android_motorola one INFO ] 2021-12-31 14:43:55.824 BaseTest:241 - log path: logs/Android_motorola one
[logs/Android_motorola one INFO ] 2021-12-31 14:44:14.616 BaseTest:122 - Super Beefore method
[logs/Android_motorola one INFO ] 2021-12-31 14:44:16.927 BaseTest:323 - Clearing UserName
[logs/Android_motorola one INFO ] 2021-12-31 14:44:17.634 BaseTest:347 - UserName is : standard_user
[logs/Android_motorola one INFO ] 2021-12-31 14:44:18.853 BaseTest:323 - Clearing Password
[logs/Android_motorola one INFO ] 2021-12-31 14:44:19.567 BaseTest:347 - Password is : invalidpassword
[logs/Android_motorola one INFO ] 2021-12-31 14:44:20.321 BaseTest:335 - Press Login Button.
[logs/Android_motorola one INFO ] 2021-12-31 14:44:23.491 BaseTest:367 - Error text is Username and password do not match any user in this service.
[logs/Android_motorola one INFO ] 2021-12-31 14:44:23.504 BaseTest:128 - Super After method
[logs/Android_motorola one INFO ] 2021-12-31 14:44:24.790 BaseTest:122 - Super Beefore method
[logs/Android_motorola one INFO ] 2021-12-31 14:44:25.720 BaseTest:323 - Clearing UserName
[logs/Android_motorola one INFO ] 2021-12-31 14:44:26.595 BaseTest:347 - UserName is : invalidusername
[logs/Android_motorola one INFO ] 2021-12-31 14:44:27.923 BaseTest:323 - Clearing Password
[logs/Android_motorola one INFO ] 2021-12-31 14:44:28.697 BaseTest:347 - Password is : secret_sauce
[logs/Android_motorola one INFO ] 2021-12-31 14:44:29.992 BaseTest:335 - Press Login Button.
[logs/Android_motorola one INFO ] 2021-12-31 14:44:32.550 BaseTest:367 - Error text is Username and password do not match any user in this service.
[logs/Android_motorola one INFO ] 2021-12-31 14:44:32.556 TestListener:34 - java.lang.AssertionError: expected [Username and password do not match any user in this service.] but found [Username and password do not match any user in this service.__test]
	at org.testng.Assert.fail(Assert.java:99)
	at org.testng.Assert.failNotEquals(Assert.java:1037)
	at org.testng.Assert.assertEqualsImpl(Assert.java:140)
	at org.testng.Assert.assertEquals(Assert.java:122)
	at org.testng.Assert.assertEquals(Assert.java:629)
	at org.testng.Assert.assertEquals(Assert.java:639)
	at com.qa.tests.LoginTests.invalidUserName(LoginTests.java:87)
	at java.base/jdk.internal.reflect.NativeMethodAccessorImpl.invoke0(Native Method)
	at java.base/jdk.internal.reflect.NativeMethodAccessorImpl.invoke(NativeMethodAccessorImpl.java:64)
	at java.base/jdk.internal.reflect.DelegatingMethodAccessorImpl.invoke(DelegatingMethodAccessorImpl.java:43)
	at java.base/java.lang.reflect.Method.invoke(Method.java:564)
	at org.testng.internal.MethodInvocationHelper.invokeMethod(MethodInvocationHelper.java:133)
	at org.testng.internal.TestInvoker.invokeMethod(TestInvoker.java:598)
	at org.testng.internal.TestInvoker.invokeTestMethod(TestInvoker.java:173)
	at org.testng.internal.MethodRunner.runInSequence(MethodRunner.java:46)
	at org.testng.internal.TestInvoker$MethodInvocationAgent.invoke(TestInvoker.java:824)
	at org.testng.internal.TestInvoker.invokeTestMethods(TestInvoker.java:146)
	at org.testng.internal.TestMethodWorker.invokeTestMethods(TestMethodWorker.java:146)
	at org.testng.internal.TestMethodWorker.run(TestMethodWorker.java:128)
	at java.base/java.util.ArrayList.forEach(ArrayList.java:1511)
	at org.testng.TestRunner.privateRun(TestRunner.java:794)
	at org.testng.TestRunner.run(TestRunner.java:596)
	at org.testng.SuiteRunner.runTest(SuiteRunner.java:377)
	at org.testng.SuiteRunner.access$000(SuiteRunner.java:28)
	at org.testng.SuiteRunner$SuiteWorker.run(SuiteRunner.java:418)
	at org.testng.internal.thread.ThreadUtil.lambda$execute$0(ThreadUtil.java:64)
	at java.base/java.util.concurrent.FutureTask.run(FutureTask.java:264)
	at java.base/java.util.concurrent.ThreadPoolExecutor.runWorker(ThreadPoolExecutor.java:1130)
	at java.base/java.util.concurrent.ThreadPoolExecutor$Worker.run(ThreadPoolExecutor.java:630)
	at java.base/java.lang.Thread.run(Thread.java:832)

[logs/Android_motorola one INFO ] 2021-12-31 14:44:33.347 BaseTest:128 - Super After method
[logs/Android_motorola one INFO ] 2021-12-31 14:44:34.770 BaseTest:122 - Super Beefore method
[logs/Android_motorola one INFO ] 2021-12-31 14:44:35.681 BaseTest:323 - Clearing UserName
[logs/Android_motorola one INFO ] 2021-12-31 14:44:36.523 BaseTest:347 - UserName is : standard_user
[logs/Android_motorola one INFO ] 2021-12-31 14:44:37.771 BaseTest:323 - Clearing Password
[logs/Android_motorola one INFO ] 2021-12-31 14:44:38.449 BaseTest:347 - Password is : secret_sauce
[logs/Android_motorola one INFO ] 2021-12-31 14:44:39.639 BaseTest:335 - Press Login Button.
[logs/Android_motorola one INFO ] 2021-12-31 14:44:42.398 BaseTest:367 - Products Title is PRODUCTS
[logs/Android_motorola one INFO ] 2021-12-31 14:44:42.405 BaseTest:128 - Super After method
